<?xml version="1.0" encoding="UTF-8"?>
<!-- Generated by org.testng.reporters.JUnitReportReporter -->
<testsuite hostname="arun" failures="0" tests="4" name="tests.HomePageTest" time="5.791" errors="0" timestamp="2024-12-15T22:40:53 IST" skipped="0">
  <testcase classname="tests.HomePageTest" name="testWelcomeMessageDisplayed" time="4.697"/>
  <system-out/>
  <testcase classname="tests.HomePageTest" name="testMenuItemsDisplayed" time="0.593"/>
  <system-out/>
  <testcase classname="tests.HomePageTest" name="testProductCategoriesDisplayed" time="0.384"/>
  <system-out/>
  <testcase classname="tests.HomePageTest" name="testApplicationLogoDisplayed" time="0.117"/>
  <system-out/>
</testsuite> <!-- tests.HomePageTest -->
