<?xml version="1.0" encoding="UTF-8"?>
<!-- Generated by org.testng.reporters.JUnitReportReporter -->
<testsuite hostname="arun" failures="0" tests="3" name="tests.SignupTest" time="3.177" errors="0" timestamp="2024-12-15T22:40:53 IST" skipped="0">
  <testcase classname="tests.SignupTest" name="testSignUpButtonVisibility" time="0.420"/>
  <system-out/>
  <testcase classname="tests.SignupTest" name="testSignUpPageOpens" time="0.187"/>
  <system-out/>
  <testcase classname="tests.SignupTest" name="testSignUpButtonClickability" time="2.570"/>
  <system-out/>
</testsuite> <!-- tests.SignupTest -->
