<?xml version="1.0" encoding="UTF-8"?>
<!-- Generated by org.testng.reporters.JUnitReportReporter -->
<testsuite hostname="arun" failures="0" tests="4" name="tests.ProductDetailsTest" time="16.272" errors="0" timestamp="2024-12-15T22:40:53 IST" skipped="0">
  <testcase classname="tests.ProductDetailsTest" name="testRedirectionToProductDetailsPage" time="2.981"/>
  <system-out/>
  <testcase classname="tests.ProductDetailsTest" name="testProductDetailsAccuracy" time="0.210"/>
  <system-out/>
  <testcase classname="tests.ProductDetailsTest" name="testAddProductToCartAndVerifyDetails" time="3.699"/>
  <system-out/>
  <testcase classname="tests.ProductDetailsTest" name="testIncrementCartCount" time="9.382"/>
  <system-out/>
</testsuite> <!-- tests.ProductDetailsTest -->
