<?xml version="1.0" encoding="UTF-8"?>
<!-- Generated by org.testng.reporters.JUnitReportReporter -->
<testsuite hostname="arun" failures="0" tests="2" name="tests.LogoutTest" time="16.980" errors="0" timestamp="2024-12-15T22:40:53 IST" skipped="0">
  <testcase classname="tests.LogoutTest" name="testLogoutButtonVisibility" time="13.256"/>
  <system-out/>
  <testcase classname="tests.LogoutTest" name="testLogoutFunctionality" time="3.724"/>
  <system-out/>
</testsuite> <!-- tests.LogoutTest -->
