<?xml version="1.0" encoding="UTF-8"?>
<!-- Generated by org.testng.reporters.JUnitReportReporter -->
<testsuite hostname="arun" failures="0" tests="5" name="tests.CartTest" time="15.734" errors="0" timestamp="2024-12-15T22:40:53 IST" skipped="0">
  <testcase classname="tests.CartTest" name="testDeleteItemFromCart" time="12.713"/>
  <system-out/>
  <testcase classname="tests.CartTest" name="testTotalPriceAfterDeletion" time="0.105"/>
  <system-out/>
  <testcase classname="tests.CartTest" name="testPlaceOrderButtonRedirection" time="1.029"/>
  <system-out/>
  <testcase classname="tests.CartTest" name="testUserDetailsFieldsPresence" time="0.386"/>
  <system-out/>
  <testcase classname="tests.CartTest" name="testSubmitOrder" time="1.501"/>
  <system-out/>
</testsuite> <!-- tests.CartTest -->
