<?xml version="1.0" encoding="UTF-8"?>
<!-- Generated by org.testng.reporters.JUnitReportReporter -->
<testsuite hostname="arun" failures="0" tests="3" name="tests.LoginTest" time="2.072" errors="0" timestamp="2024-12-15T22:40:53 IST" skipped="0">
  <testcase classname="tests.LoginTest" name="testLoginButtonVisibility" time="0.163"/>
  <system-out/>
  <testcase classname="tests.LoginTest" name="testLoginButtonClickability" time="1.778"/>
  <system-out/>
  <testcase classname="tests.LoginTest" name="testUserDashboardOpens" time="0.131"/>
  <system-out/>
</testsuite> <!-- tests.LoginTest -->
